INFO - 2024-06-08 21:01:20 --> Session: Class initialized using 'CodeIgniter\Session\Handlers\FileHandler' driver.
INFO - 2024-06-08 21:01:46 --> Session: Class initialized using 'CodeIgniter\Session\Handlers\FileHandler' driver.
INFO - 2024-06-08 22:04:45 --> Session: Class initialized using 'CodeIgniter\Session\Handlers\FileHandler' driver.
CRITICAL - 2024-06-08 22:06:14 --> TypeError: Cannot access offset of type string on string
[Method: POST, Route: auth/login]
in APPPATH/Controllers/Auth.php on line 61.
 1 SYSTEMPATH/CodeIgniter.php(933): App\Controllers\Auth->login()
 2 SYSTEMPATH/CodeIgniter.php(509): CodeIgniter\CodeIgniter->runController(Object(App\Controllers\Auth))
 3 SYSTEMPATH/CodeIgniter.php(355): CodeIgniter\CodeIgniter->handleRequest(null, Object(Config\Cache), false)
 4 SYSTEMPATH/Boot.php(312): CodeIgniter\CodeIgniter->run()
 5 SYSTEMPATH/Boot.php(67): CodeIgniter\Boot::runCodeIgniter(Object(CodeIgniter\CodeIgniter))
 6 FCPATH/index.php(56): CodeIgniter\Boot::bootWeb(Object(Config\Paths))
 7 SYSTEMPATH/Commands/Server/rewrite.php(49): require_once('/Applications/XAMPP/xamppfiles/htdocs/simci4/public/index.php')
CRITICAL - 2024-06-08 22:06:23 --> ErrorException: Attempt to read property "username" on string
[Method: POST, Route: auth/login]
in APPPATH/Controllers/Auth.php on line 61.
 1 APPPATH/Controllers/Auth.php(61): CodeIgniter\Debug\Exceptions->errorHandler(2, 'Attempt to read property "username" on string', '/Applications/XAMPP/xamppfiles/htdocs/simci4/app/Controllers/Auth.php', 61)
 2 SYSTEMPATH/CodeIgniter.php(933): App\Controllers\Auth->login()
 3 SYSTEMPATH/CodeIgniter.php(509): CodeIgniter\CodeIgniter->runController(Object(App\Controllers\Auth))
 4 SYSTEMPATH/CodeIgniter.php(355): CodeIgniter\CodeIgniter->handleRequest(null, Object(Config\Cache), false)
 5 SYSTEMPATH/Boot.php(312): CodeIgniter\CodeIgniter->run()
 6 SYSTEMPATH/Boot.php(67): CodeIgniter\Boot::runCodeIgniter(Object(CodeIgniter\CodeIgniter))
 7 FCPATH/index.php(56): CodeIgniter\Boot::bootWeb(Object(Config\Paths))
 8 SYSTEMPATH/Commands/Server/rewrite.php(49): require_once('/Applications/XAMPP/xamppfiles/htdocs/simci4/public/index.php')
CRITICAL - 2024-06-08 22:07:27 --> Error: Cannot use object of type CodeIgniter\HTTP\Response as array
[Method: POST, Route: auth/login]
in APPPATH/Controllers/Auth.php on line 61.
 1 SYSTEMPATH/CodeIgniter.php(933): App\Controllers\Auth->login()
 2 SYSTEMPATH/CodeIgniter.php(509): CodeIgniter\CodeIgniter->runController(Object(App\Controllers\Auth))
 3 SYSTEMPATH/CodeIgniter.php(355): CodeIgniter\CodeIgniter->handleRequest(null, Object(Config\Cache), false)
 4 SYSTEMPATH/Boot.php(312): CodeIgniter\CodeIgniter->run()
 5 SYSTEMPATH/Boot.php(67): CodeIgniter\Boot::runCodeIgniter(Object(CodeIgniter\CodeIgniter))
 6 FCPATH/index.php(56): CodeIgniter\Boot::bootWeb(Object(Config\Paths))
 7 SYSTEMPATH/Commands/Server/rewrite.php(49): require_once('/Applications/XAMPP/xamppfiles/htdocs/simci4/public/index.php')
CRITICAL - 2024-06-08 22:07:55 --> Error: Cannot use object of type CodeIgniter\HTTP\Response as array
[Method: POST, Route: auth/login]
in APPPATH/Controllers/Auth.php on line 61.
 1 SYSTEMPATH/CodeIgniter.php(933): App\Controllers\Auth->login()
 2 SYSTEMPATH/CodeIgniter.php(509): CodeIgniter\CodeIgniter->runController(Object(App\Controllers\Auth))
 3 SYSTEMPATH/CodeIgniter.php(355): CodeIgniter\CodeIgniter->handleRequest(null, Object(Config\Cache), false)
 4 SYSTEMPATH/Boot.php(312): CodeIgniter\CodeIgniter->run()
 5 SYSTEMPATH/Boot.php(67): CodeIgniter\Boot::runCodeIgniter(Object(CodeIgniter\CodeIgniter))
 6 FCPATH/index.php(56): CodeIgniter\Boot::bootWeb(Object(Config\Paths))
 7 SYSTEMPATH/Commands/Server/rewrite.php(49): require_once('/Applications/XAMPP/xamppfiles/htdocs/simci4/public/index.php')
CRITICAL - 2024-06-08 22:10:00 --> TypeError: Cannot access offset of type string on string
[Method: POST, Route: auth/login]
in APPPATH/Controllers/Auth.php on line 61.
 1 SYSTEMPATH/CodeIgniter.php(933): App\Controllers\Auth->login()
 2 SYSTEMPATH/CodeIgniter.php(509): CodeIgniter\CodeIgniter->runController(Object(App\Controllers\Auth))
 3 SYSTEMPATH/CodeIgniter.php(355): CodeIgniter\CodeIgniter->handleRequest(null, Object(Config\Cache), false)
 4 SYSTEMPATH/Boot.php(312): CodeIgniter\CodeIgniter->run()
 5 SYSTEMPATH/Boot.php(67): CodeIgniter\Boot::runCodeIgniter(Object(CodeIgniter\CodeIgniter))
 6 FCPATH/index.php(56): CodeIgniter\Boot::bootWeb(Object(Config\Paths))
 7 SYSTEMPATH/Commands/Server/rewrite.php(49): require_once('/Applications/XAMPP/xamppfiles/htdocs/simci4/public/index.php')
CRITICAL - 2024-06-08 22:10:12 --> ErrorException: Attempt to read property "username" on string
[Method: POST, Route: auth/login]
in APPPATH/Controllers/Auth.php on line 61.
 1 APPPATH/Controllers/Auth.php(61): CodeIgniter\Debug\Exceptions->errorHandler(2, 'Attempt to read property "username" on string', '/Applications/XAMPP/xamppfiles/htdocs/simci4/app/Controllers/Auth.php', 61)
 2 SYSTEMPATH/CodeIgniter.php(933): App\Controllers\Auth->login()
 3 SYSTEMPATH/CodeIgniter.php(509): CodeIgniter\CodeIgniter->runController(Object(App\Controllers\Auth))
 4 SYSTEMPATH/CodeIgniter.php(355): CodeIgniter\CodeIgniter->handleRequest(null, Object(Config\Cache), false)
 5 SYSTEMPATH/Boot.php(312): CodeIgniter\CodeIgniter->run()
 6 SYSTEMPATH/Boot.php(67): CodeIgniter\Boot::runCodeIgniter(Object(CodeIgniter\CodeIgniter))
 7 FCPATH/index.php(56): CodeIgniter\Boot::bootWeb(Object(Config\Paths))
 8 SYSTEMPATH/Commands/Server/rewrite.php(49): require_once('/Applications/XAMPP/xamppfiles/htdocs/simci4/public/index.php')
INFO - 2024-06-08 22:11:05 --> Session: Class initialized using 'CodeIgniter\Session\Handlers\FileHandler' driver.
INFO - 2024-06-08 22:11:05 --> Session: Class initialized using 'CodeIgniter\Session\Handlers\FileHandler' driver.
CRITICAL - 2024-06-08 22:11:31 --> TypeError: Cannot access offset of type string on string
[Method: POST, Route: auth/login]
in APPPATH/Controllers/Auth.php on line 62.
 1 SYSTEMPATH/CodeIgniter.php(933): App\Controllers\Auth->login()
 2 SYSTEMPATH/CodeIgniter.php(509): CodeIgniter\CodeIgniter->runController(Object(App\Controllers\Auth))
 3 SYSTEMPATH/CodeIgniter.php(355): CodeIgniter\CodeIgniter->handleRequest(null, Object(Config\Cache), false)
 4 SYSTEMPATH/Boot.php(312): CodeIgniter\CodeIgniter->run()
 5 SYSTEMPATH/Boot.php(67): CodeIgniter\Boot::runCodeIgniter(Object(CodeIgniter\CodeIgniter))
 6 FCPATH/index.php(56): CodeIgniter\Boot::bootWeb(Object(Config\Paths))
 7 SYSTEMPATH/Commands/Server/rewrite.php(49): require_once('/Applications/XAMPP/xamppfiles/htdocs/simci4/public/index.php')
INFO - 2024-06-08 22:13:09 --> Session: Class initialized using 'CodeIgniter\Session\Handlers\FileHandler' driver.
INFO - 2024-06-08 22:13:13 --> Session: Class initialized using 'CodeIgniter\Session\Handlers\FileHandler' driver.
CRITICAL - 2024-06-08 22:13:18 --> CodeIgniter\HTTP\Exceptions\HTTPException: 22 : The requested URL returned error: 404
[Method: POST, Route: auth/login]
in SYSTEMPATH/HTTP/CURLRequest.php on line 693.
 1 SYSTEMPATH/HTTP/CURLRequest.php(693): CodeIgniter\HTTP\Exceptions\HTTPException::forCurlError('22', 'The requested URL returned error: 404')
 2 SYSTEMPATH/HTTP/CURLRequest.php(383): CodeIgniter\HTTP\CURLRequest->sendRequest([...])
 3 SYSTEMPATH/HTTP/CURLRequest.php(152): CodeIgniter\HTTP\CURLRequest->send('GET', 'http://localhost:8081/Users/show?username=admina')
 4 APPPATH/Controllers/Auth.php(58): CodeIgniter\HTTP\CURLRequest->request('GET', 'http://localhost:8081/Users/show?username=admina')
 5 SYSTEMPATH/CodeIgniter.php(933): App\Controllers\Auth->login()
 6 SYSTEMPATH/CodeIgniter.php(509): CodeIgniter\CodeIgniter->runController(Object(App\Controllers\Auth))
 7 SYSTEMPATH/CodeIgniter.php(355): CodeIgniter\CodeIgniter->handleRequest(null, Object(Config\Cache), false)
 8 SYSTEMPATH/Boot.php(312): CodeIgniter\CodeIgniter->run()
 9 SYSTEMPATH/Boot.php(67): CodeIgniter\Boot::runCodeIgniter(Object(CodeIgniter\CodeIgniter))
10 FCPATH/index.php(56): CodeIgniter\Boot::bootWeb(Object(Config\Paths))
11 SYSTEMPATH/Commands/Server/rewrite.php(49): require_once('/Applications/XAMPP/xamppfiles/htdocs/simci4/public/index.php')
INFO - 2024-06-08 22:19:08 --> Session: Class initialized using 'CodeIgniter\Session\Handlers\FileHandler' driver.
CRITICAL - 2024-06-08 22:20:17 --> ErrorException: file_get_contents(https://maps.google.com/maps/api/geocode/json?latlng=-6.963587,107.635075&amp;key=AIzaSyA-BQS8hr9-K1fOsgTpvWAFrh-ocZk3DcQ): Failed to open stream: HTTP request failed!
[Method: POST, Route: auth/login]
in APPPATH/Helpers/my_helper.php on line 11.
 1 [internal function]: CodeIgniter\Debug\Exceptions->errorHandler(2, 'file_get_contents(https://maps.google.com/maps/api/geocode/json?latlng=-6.963587,107.635075&amp;key=AIzaSyA-BQS8hr9-K1fOsgTpvWAFrh-ocZk3DcQ): Failed to open stream: HTTP request failed!', '/Applications/XAMPP/xamppfiles/htdocs/simci4/app/Helpers/my_helper.php', 11)
 2 APPPATH/Helpers/my_helper.php(11): file_get_contents('https://maps.google.com/maps/api/geocode/json?latlng=-6.963587,107.635075&key=AIzaSyA-BQS8hr9-K1fOsgTpvWAFrh-ocZk3DcQ')
 3 APPPATH/Controllers/Auth.php(48): getAddress('-6.963587,107.635075')
 4 SYSTEMPATH/CodeIgniter.php(933): App\Controllers\Auth->login()
 5 SYSTEMPATH/CodeIgniter.php(509): CodeIgniter\CodeIgniter->runController(Object(App\Controllers\Auth))
 6 SYSTEMPATH/CodeIgniter.php(355): CodeIgniter\CodeIgniter->handleRequest(null, Object(Config\Cache), false)
 7 SYSTEMPATH/Boot.php(312): CodeIgniter\CodeIgniter->run()
 8 SYSTEMPATH/Boot.php(67): CodeIgniter\Boot::runCodeIgniter(Object(CodeIgniter\CodeIgniter))
 9 FCPATH/index.php(56): CodeIgniter\Boot::bootWeb(Object(Config\Paths))
10 SYSTEMPATH/Commands/Server/rewrite.php(49): require_once('/Applications/XAMPP/xamppfiles/htdocs/simci4/public/index.php')
INFO - 2024-06-08 22:20:17 --> Session: Class initialized using 'CodeIgniter\Session\Handlers\FileHandler' driver.
INFO - 2024-06-08 22:20:17 --> Session: Class initialized using 'CodeIgniter\Session\Handlers\FileHandler' driver.
