INFO - 2024-05-13 09:55:44 --> Session: Class initialized using 'CodeIgniter\Session\Handlers\FileHandler' driver.
INFO - 2024-05-13 09:56:25 --> Session: Class initialized using 'CodeIgniter\Session\Handlers\FileHandler' driver.
CRITICAL - 2024-05-13 09:57:22 --> ErrorException: Undefined variable $t
[Method: GET, Route: Ticketing/tracking/b7913b0]
in APPPATH/Views/ticketing/v_tracking.php on line 35.
 1 APPPATH/Views/ticketing/v_tracking.php(35): CodeIgniter\Debug\Exceptions->errorHandler(2, 'Undefined variable $t', '/Applications/XAMPP/xamppfiles/htdocs/simci4/app/Views/ticketing/v_tracking.php', 35)
 2 SYSTEMPATH/View/View.php(234): include('/Applications/XAMPP/xamppfiles/htdocs/simci4/app/Views/ticketing/v_tracking.php')
 3 SYSTEMPATH/View/View.php(237): CodeIgniter\View\View->CodeIgniter\View\{closure}()
 4 SYSTEMPATH/Common.php(1171): CodeIgniter\View\View->render('ticketing/v_tracking', [], true)
 5 APPPATH/Controllers/Ticketing.php(106): view('ticketing/v_tracking', [...])
 6 SYSTEMPATH/CodeIgniter.php(933): App\Controllers\Ticketing->tracking('b7913b0')
 7 SYSTEMPATH/CodeIgniter.php(509): CodeIgniter\CodeIgniter->runController(Object(App\Controllers\Ticketing))
 8 SYSTEMPATH/CodeIgniter.php(355): CodeIgniter\CodeIgniter->handleRequest(null, Object(Config\Cache), false)
 9 SYSTEMPATH/Boot.php(312): CodeIgniter\CodeIgniter->run()
10 SYSTEMPATH/Boot.php(67): CodeIgniter\Boot::runCodeIgniter(Object(CodeIgniter\CodeIgniter))
11 FCPATH/index.php(56): CodeIgniter\Boot::bootWeb(Object(Config\Paths))
12 SYSTEMPATH/Commands/Server/rewrite.php(49): require_once('/Applications/XAMPP/xamppfiles/htdocs/simci4/public/index.php')
CRITICAL - 2024-05-13 11:35:09 --> ErrorException: A non-numeric value encountered
[Method: GET, Route: Ticketing/tracking/b7913b0]
in APPPATH/Views/ticketing/v_tracking.php on line 44.
 1 APPPATH/Views/ticketing/v_tracking.php(44): CodeIgniter\Debug\Exceptions->errorHandler(2, 'A non-numeric value encountered', '/Applications/XAMPP/xamppfiles/htdocs/simci4/app/Views/ticketing/v_tracking.php', 44)
 2 SYSTEMPATH/View/View.php(234): include('/Applications/XAMPP/xamppfiles/htdocs/simci4/app/Views/ticketing/v_tracking.php')
 3 SYSTEMPATH/View/View.php(237): CodeIgniter\View\View->CodeIgniter\View\{closure}()
 4 SYSTEMPATH/Common.php(1171): CodeIgniter\View\View->render('ticketing/v_tracking', [], true)
 5 APPPATH/Controllers/Ticketing.php(106): view('ticketing/v_tracking', [...])
 6 SYSTEMPATH/CodeIgniter.php(933): App\Controllers\Ticketing->tracking('b7913b0')
 7 SYSTEMPATH/CodeIgniter.php(509): CodeIgniter\CodeIgniter->runController(Object(App\Controllers\Ticketing))
 8 SYSTEMPATH/CodeIgniter.php(355): CodeIgniter\CodeIgniter->handleRequest(null, Object(Config\Cache), false)
 9 SYSTEMPATH/Boot.php(312): CodeIgniter\CodeIgniter->run()
10 SYSTEMPATH/Boot.php(67): CodeIgniter\Boot::runCodeIgniter(Object(CodeIgniter\CodeIgniter))
11 FCPATH/index.php(56): CodeIgniter\Boot::bootWeb(Object(Config\Paths))
12 SYSTEMPATH/Commands/Server/rewrite.php(49): require_once('/Applications/XAMPP/xamppfiles/htdocs/simci4/public/index.php')
CRITICAL - 2024-05-13 11:36:25 --> ErrorException: A non-numeric value encountered
[Method: GET, Route: Ticketing/tracking/b7913b0]
in APPPATH/Views/ticketing/v_tracking.php on line 46.
 1 APPPATH/Views/ticketing/v_tracking.php(46): CodeIgniter\Debug\Exceptions->errorHandler(2, 'A non-numeric value encountered', '/Applications/XAMPP/xamppfiles/htdocs/simci4/app/Views/ticketing/v_tracking.php', 46)
 2 SYSTEMPATH/View/View.php(234): include('/Applications/XAMPP/xamppfiles/htdocs/simci4/app/Views/ticketing/v_tracking.php')
 3 SYSTEMPATH/View/View.php(237): CodeIgniter\View\View->CodeIgniter\View\{closure}()
 4 SYSTEMPATH/Common.php(1171): CodeIgniter\View\View->render('ticketing/v_tracking', [], true)
 5 APPPATH/Controllers/Ticketing.php(106): view('ticketing/v_tracking', [...])
 6 SYSTEMPATH/CodeIgniter.php(933): App\Controllers\Ticketing->tracking('b7913b0')
 7 SYSTEMPATH/CodeIgniter.php(509): CodeIgniter\CodeIgniter->runController(Object(App\Controllers\Ticketing))
 8 SYSTEMPATH/CodeIgniter.php(355): CodeIgniter\CodeIgniter->handleRequest(null, Object(Config\Cache), false)
 9 SYSTEMPATH/Boot.php(312): CodeIgniter\CodeIgniter->run()
10 SYSTEMPATH/Boot.php(67): CodeIgniter\Boot::runCodeIgniter(Object(CodeIgniter\CodeIgniter))
11 FCPATH/index.php(56): CodeIgniter\Boot::bootWeb(Object(Config\Paths))
12 SYSTEMPATH/Commands/Server/rewrite.php(49): require_once('/Applications/XAMPP/xamppfiles/htdocs/simci4/public/index.php')
CRITICAL - 2024-05-13 11:45:12 --> ErrorException: Trying to access array offset on null
[Method: GET, Route: Ticketing/tracking/b7913b]
in APPPATH/Controllers/Ticketing.php on line 104.
 1 APPPATH/Controllers/Ticketing.php(104): CodeIgniter\Debug\Exceptions->errorHandler(2, 'Trying to access array offset on null', '/Applications/XAMPP/xamppfiles/htdocs/simci4/app/Controllers/Ticketing.php', 104)
 2 SYSTEMPATH/CodeIgniter.php(933): App\Controllers\Ticketing->tracking('b7913b')
 3 SYSTEMPATH/CodeIgniter.php(509): CodeIgniter\CodeIgniter->runController(Object(App\Controllers\Ticketing))
 4 SYSTEMPATH/CodeIgniter.php(355): CodeIgniter\CodeIgniter->handleRequest(null, Object(Config\Cache), false)
 5 SYSTEMPATH/Boot.php(312): CodeIgniter\CodeIgniter->run()
 6 SYSTEMPATH/Boot.php(67): CodeIgniter\Boot::runCodeIgniter(Object(CodeIgniter\CodeIgniter))
 7 FCPATH/index.php(56): CodeIgniter\Boot::bootWeb(Object(Config\Paths))
 8 SYSTEMPATH/Commands/Server/rewrite.php(49): require_once('/Applications/XAMPP/xamppfiles/htdocs/simci4/public/index.php')
INFO - 2024-05-13 13:23:28 --> Session: Class initialized using 'CodeIgniter\Session\Handlers\FileHandler' driver.
CRITICAL - 2024-05-13 15:08:18 --> ErrorException: Trying to access array offset on null
[Method: GET, Route: Ticketing/tracking/b7913b]
in APPPATH/Controllers/Ticketing.php on line 103.
 1 APPPATH/Controllers/Ticketing.php(103): CodeIgniter\Debug\Exceptions->errorHandler(2, 'Trying to access array offset on null', '/Applications/XAMPP/xamppfiles/htdocs/simci4/app/Controllers/Ticketing.php', 103)
 2 SYSTEMPATH/CodeIgniter.php(933): App\Controllers\Ticketing->tracking('b7913b')
 3 SYSTEMPATH/CodeIgniter.php(509): CodeIgniter\CodeIgniter->runController(Object(App\Controllers\Ticketing))
 4 SYSTEMPATH/CodeIgniter.php(355): CodeIgniter\CodeIgniter->handleRequest(null, Object(Config\Cache), false)
 5 SYSTEMPATH/Boot.php(312): CodeIgniter\CodeIgniter->run()
 6 SYSTEMPATH/Boot.php(67): CodeIgniter\Boot::runCodeIgniter(Object(CodeIgniter\CodeIgniter))
 7 FCPATH/index.php(56): CodeIgniter\Boot::bootWeb(Object(Config\Paths))
 8 SYSTEMPATH/Commands/Server/rewrite.php(49): require_once('/Applications/XAMPP/xamppfiles/htdocs/simci4/public/index.php')
CRITICAL - 2024-05-13 15:08:48 --> ErrorException: Undefined array key "trouble_ticker"
[Method: GET, Route: Ticketing/tracking/b7913b]
in APPPATH/Controllers/Ticketing.php on line 103.
 1 APPPATH/Controllers/Ticketing.php(103): CodeIgniter\Debug\Exceptions->errorHandler(2, 'Undefined array key "trouble_ticker"', '/Applications/XAMPP/xamppfiles/htdocs/simci4/app/Controllers/Ticketing.php', 103)
 2 SYSTEMPATH/CodeIgniter.php(933): App\Controllers\Ticketing->tracking('b7913b')
 3 SYSTEMPATH/CodeIgniter.php(509): CodeIgniter\CodeIgniter->runController(Object(App\Controllers\Ticketing))
 4 SYSTEMPATH/CodeIgniter.php(355): CodeIgniter\CodeIgniter->handleRequest(null, Object(Config\Cache), false)
 5 SYSTEMPATH/Boot.php(312): CodeIgniter\CodeIgniter->run()
 6 SYSTEMPATH/Boot.php(67): CodeIgniter\Boot::runCodeIgniter(Object(CodeIgniter\CodeIgniter))
 7 FCPATH/index.php(56): CodeIgniter\Boot::bootWeb(Object(Config\Paths))
 8 SYSTEMPATH/Commands/Server/rewrite.php(49): require_once('/Applications/XAMPP/xamppfiles/htdocs/simci4/public/index.php')
CRITICAL - 2024-05-13 15:08:50 --> ErrorException: Undefined array key "trouble_ticker"
[Method: GET, Route: Ticketing/tracking/b7913b]
in APPPATH/Controllers/Ticketing.php on line 103.
 1 APPPATH/Controllers/Ticketing.php(103): CodeIgniter\Debug\Exceptions->errorHandler(2, 'Undefined array key "trouble_ticker"', '/Applications/XAMPP/xamppfiles/htdocs/simci4/app/Controllers/Ticketing.php', 103)
 2 SYSTEMPATH/CodeIgniter.php(933): App\Controllers\Ticketing->tracking('b7913b')
 3 SYSTEMPATH/CodeIgniter.php(509): CodeIgniter\CodeIgniter->runController(Object(App\Controllers\Ticketing))
 4 SYSTEMPATH/CodeIgniter.php(355): CodeIgniter\CodeIgniter->handleRequest(null, Object(Config\Cache), false)
 5 SYSTEMPATH/Boot.php(312): CodeIgniter\CodeIgniter->run()
 6 SYSTEMPATH/Boot.php(67): CodeIgniter\Boot::runCodeIgniter(Object(CodeIgniter\CodeIgniter))
 7 FCPATH/index.php(56): CodeIgniter\Boot::bootWeb(Object(Config\Paths))
 8 SYSTEMPATH/Commands/Server/rewrite.php(49): require_once('/Applications/XAMPP/xamppfiles/htdocs/simci4/public/index.php')
INFO - 2024-05-13 19:42:57 --> Session: Class initialized using 'CodeIgniter\Session\Handlers\FileHandler' driver.
